<?xml version="1.0" encoding="UTF-8"?>
<testsuite xmlns:xsi="http://www.w3.org/2001/XMLSchema-instance" xsi:noNamespaceSchemaLocation="https://maven.apache.org/surefire/maven-surefire-plugin/xsd/surefire-test-report.xsd" name="OKC.OKCBrowseMatchesTest" time="77.66" tests="1" errors="1" skipped="0" failures="0">
  <properties>
    <property name="sun.desktop" value="windows"/>
    <property name="awt.toolkit" value="sun.awt.windows.WToolkit"/>
    <property name="file.encoding.pkg" value="sun.io"/>
    <property name="java.specification.version" value="1.8"/>
    <property name="sun.cpu.isalist" value="amd64"/>
    <property name="sun.jnu.encoding" value="Cp1252"/>
    <property name="java.class.path" value="C:\Users\andre\Desktop\DatingApp\VladiDate\target\test-classes;C:\Users\andre\Desktop\DatingApp\VladiDate\target\classes;C:\Users\andre\.m2\repository\org\seleniumhq\selenium\selenium-java\3.141.59\selenium-java-3.141.59.jar;C:\Users\andre\.m2\repository\org\seleniumhq\selenium\selenium-ie-driver\3.141.59\selenium-ie-driver-3.141.59.jar;C:\Users\andre\.m2\repository\org\seleniumhq\selenium\selenium-opera-driver\3.141.59\selenium-opera-driver-3.141.59.jar;C:\Users\andre\.m2\repository\org\seleniumhq\selenium\selenium-remote-driver\3.141.59\selenium-remote-driver-3.141.59.jar;C:\Users\andre\.m2\repository\org\seleniumhq\selenium\selenium-safari-driver\3.141.59\selenium-safari-driver-3.141.59.jar;C:\Users\andre\.m2\repository\org\seleniumhq\selenium\selenium-support\3.141.59\selenium-support-3.141.59.jar;C:\Users\andre\.m2\repository\net\bytebuddy\byte-buddy\1.8.15\byte-buddy-1.8.15.jar;C:\Users\andre\.m2\repository\org\apache\commons\commons-exec\1.3\commons-exec-1.3.jar;C:\Users\andre\.m2\repository\com\google\guava\guava\25.0-jre\guava-25.0-jre.jar;C:\Users\andre\.m2\repository\com\google\code\findbugs\jsr305\1.3.9\jsr305-1.3.9.jar;C:\Users\andre\.m2\repository\org\checkerframework\checker-compat-qual\2.0.0\checker-compat-qual-2.0.0.jar;C:\Users\andre\.m2\repository\com\google\errorprone\error_prone_annotations\2.1.3\error_prone_annotations-2.1.3.jar;C:\Users\andre\.m2\repository\com\google\j2objc\j2objc-annotations\1.1\j2objc-annotations-1.1.jar;C:\Users\andre\.m2\repository\org\codehaus\mojo\animal-sniffer-annotations\1.14\animal-sniffer-annotations-1.14.jar;C:\Users\andre\.m2\repository\com\squareup\okio\okio\1.14.0\okio-1.14.0.jar;C:\Users\andre\.m2\repository\org\seleniumhq\selenium\selenium-api\3.141.59\selenium-api-3.141.59.jar;C:\Users\andre\.m2\repository\org\seleniumhq\selenium\selenium-chrome-driver\3.141.59\selenium-chrome-driver-3.141.59.jar;C:\Users\andre\.m2\repository\org\seleniumhq\selenium\selenium-edge-driver\3.141.59\selenium-edge-driver-3.141.59.jar;C:\Users\andre\.m2\repository\org\seleniumhq\selenium\selenium-firefox-driver\3.141.59\selenium-firefox-driver-3.141.59.jar;C:\Users\andre\.m2\repository\log4j\log4j\1.2.17\log4j-1.2.17.jar;C:\Users\andre\.m2\repository\javax\mail\mail\1.5.0-b01\mail-1.5.0-b01.jar;C:\Users\andre\.m2\repository\javax\activation\activation\1.1\activation-1.1.jar;C:\Users\andre\.m2\repository\com\squareup\okhttp3\okhttp\3.12.1\okhttp-3.12.1.jar;C:\Users\andre\.m2\repository\org\junit\jupiter\junit-jupiter-engine\5.2.0\junit-jupiter-engine-5.2.0.jar;C:\Users\andre\.m2\repository\org\apiguardian\apiguardian-api\1.0.0\apiguardian-api-1.0.0.jar;C:\Users\andre\.m2\repository\org\junit\platform\junit-platform-engine\1.2.0\junit-platform-engine-1.2.0.jar;C:\Users\andre\.m2\repository\org\junit\platform\junit-platform-commons\1.2.0\junit-platform-commons-1.2.0.jar;C:\Users\andre\.m2\repository\org\opentest4j\opentest4j\1.1.0\opentest4j-1.1.0.jar;C:\Users\andre\.m2\repository\org\junit\jupiter\junit-jupiter-api\5.2.0\junit-jupiter-api-5.2.0.jar;C:\Users\andre\.m2\repository\org\junit\vintage\junit-vintage-engine\5.2.0\junit-vintage-engine-5.2.0.jar;C:\Users\andre\.m2\repository\junit\junit\4.12\junit-4.12.jar;C:\Users\andre\.m2\repository\org\hamcrest\hamcrest-core\1.3\hamcrest-core-1.3.jar;C:\Users\andre\.m2\repository\org\junit\platform\junit-platform-launcher\1.1.0\junit-platform-launcher-1.1.0.jar;C:\Users\andre\.m2\repository\org\junit\platform\junit-platform-runner\1.1.0\junit-platform-runner-1.1.0.jar;C:\Users\andre\.m2\repository\org\junit\platform\junit-platform-suite-api\1.1.0\junit-platform-suite-api-1.1.0.jar;C:\Users\andre\.m2\repository\org\junit\jupiter\junit-jupiter-params\5.2.0\junit-jupiter-params-5.2.0.jar;C:\Users\andre\.m2\repository\commons-io\commons-io\1.3.2\commons-io-1.3.2.jar;C:\Users\andre\.m2\repository\commons-lang\commons-lang\2.6\commons-lang-2.6.jar;C:\Users\andre\.m2\repository\com\googlecode\json-simple\json-simple\1.1\json-simple-1.1.jar;"/>
    <property name="java.vm.vendor" value="Oracle Corporation"/>
    <property name="sun.arch.data.model" value="64"/>
    <property name="user.variant" value=""/>
    <property name="java.vendor.url" value="http://java.oracle.com/"/>
    <property name="user.timezone" value="America/New_York"/>
    <property name="java.vm.specification.version" value="1.8"/>
    <property name="os.name" value="Windows 10"/>
    <property name="user.country" value="US"/>
    <property name="sun.java.launcher" value="SUN_STANDARD"/>
    <property name="sun.boot.library.path" value="C:\Program Files\Java\jdk1.8.0_191\jre\bin"/>
    <property name="sun.java.command" value="C:\Users\andre\AppData\Local\Temp\surefire7541087760136259811\surefirebooter414076062645053113.jar C:\Users\andre\AppData\Local\Temp\surefire7541087760136259811 2019-01-19T14-34-51_830-jvmRun1 surefire8952199238363793897tmp surefire_01715602302574834241tmp"/>
    <property name="surefire.test.class.path" value="C:\Users\andre\Desktop\DatingApp\VladiDate\target\test-classes;C:\Users\andre\Desktop\DatingApp\VladiDate\target\classes;C:\Users\andre\.m2\repository\org\seleniumhq\selenium\selenium-java\3.141.59\selenium-java-3.141.59.jar;C:\Users\andre\.m2\repository\org\seleniumhq\selenium\selenium-ie-driver\3.141.59\selenium-ie-driver-3.141.59.jar;C:\Users\andre\.m2\repository\org\seleniumhq\selenium\selenium-opera-driver\3.141.59\selenium-opera-driver-3.141.59.jar;C:\Users\andre\.m2\repository\org\seleniumhq\selenium\selenium-remote-driver\3.141.59\selenium-remote-driver-3.141.59.jar;C:\Users\andre\.m2\repository\org\seleniumhq\selenium\selenium-safari-driver\3.141.59\selenium-safari-driver-3.141.59.jar;C:\Users\andre\.m2\repository\org\seleniumhq\selenium\selenium-support\3.141.59\selenium-support-3.141.59.jar;C:\Users\andre\.m2\repository\net\bytebuddy\byte-buddy\1.8.15\byte-buddy-1.8.15.jar;C:\Users\andre\.m2\repository\org\apache\commons\commons-exec\1.3\commons-exec-1.3.jar;C:\Users\andre\.m2\repository\com\google\guava\guava\25.0-jre\guava-25.0-jre.jar;C:\Users\andre\.m2\repository\com\google\code\findbugs\jsr305\1.3.9\jsr305-1.3.9.jar;C:\Users\andre\.m2\repository\org\checkerframework\checker-compat-qual\2.0.0\checker-compat-qual-2.0.0.jar;C:\Users\andre\.m2\repository\com\google\errorprone\error_prone_annotations\2.1.3\error_prone_annotations-2.1.3.jar;C:\Users\andre\.m2\repository\com\google\j2objc\j2objc-annotations\1.1\j2objc-annotations-1.1.jar;C:\Users\andre\.m2\repository\org\codehaus\mojo\animal-sniffer-annotations\1.14\animal-sniffer-annotations-1.14.jar;C:\Users\andre\.m2\repository\com\squareup\okio\okio\1.14.0\okio-1.14.0.jar;C:\Users\andre\.m2\repository\org\seleniumhq\selenium\selenium-api\3.141.59\selenium-api-3.141.59.jar;C:\Users\andre\.m2\repository\org\seleniumhq\selenium\selenium-chrome-driver\3.141.59\selenium-chrome-driver-3.141.59.jar;C:\Users\andre\.m2\repository\org\seleniumhq\selenium\selenium-edge-driver\3.141.59\selenium-edge-driver-3.141.59.jar;C:\Users\andre\.m2\repository\org\seleniumhq\selenium\selenium-firefox-driver\3.141.59\selenium-firefox-driver-3.141.59.jar;C:\Users\andre\.m2\repository\log4j\log4j\1.2.17\log4j-1.2.17.jar;C:\Users\andre\.m2\repository\javax\mail\mail\1.5.0-b01\mail-1.5.0-b01.jar;C:\Users\andre\.m2\repository\javax\activation\activation\1.1\activation-1.1.jar;C:\Users\andre\.m2\repository\com\squareup\okhttp3\okhttp\3.12.1\okhttp-3.12.1.jar;C:\Users\andre\.m2\repository\org\junit\jupiter\junit-jupiter-engine\5.2.0\junit-jupiter-engine-5.2.0.jar;C:\Users\andre\.m2\repository\org\apiguardian\apiguardian-api\1.0.0\apiguardian-api-1.0.0.jar;C:\Users\andre\.m2\repository\org\junit\platform\junit-platform-engine\1.2.0\junit-platform-engine-1.2.0.jar;C:\Users\andre\.m2\repository\org\junit\platform\junit-platform-commons\1.2.0\junit-platform-commons-1.2.0.jar;C:\Users\andre\.m2\repository\org\opentest4j\opentest4j\1.1.0\opentest4j-1.1.0.jar;C:\Users\andre\.m2\repository\org\junit\jupiter\junit-jupiter-api\5.2.0\junit-jupiter-api-5.2.0.jar;C:\Users\andre\.m2\repository\org\junit\vintage\junit-vintage-engine\5.2.0\junit-vintage-engine-5.2.0.jar;C:\Users\andre\.m2\repository\junit\junit\4.12\junit-4.12.jar;C:\Users\andre\.m2\repository\org\hamcrest\hamcrest-core\1.3\hamcrest-core-1.3.jar;C:\Users\andre\.m2\repository\org\junit\platform\junit-platform-launcher\1.1.0\junit-platform-launcher-1.1.0.jar;C:\Users\andre\.m2\repository\org\junit\platform\junit-platform-runner\1.1.0\junit-platform-runner-1.1.0.jar;C:\Users\andre\.m2\repository\org\junit\platform\junit-platform-suite-api\1.1.0\junit-platform-suite-api-1.1.0.jar;C:\Users\andre\.m2\repository\org\junit\jupiter\junit-jupiter-params\5.2.0\junit-jupiter-params-5.2.0.jar;C:\Users\andre\.m2\repository\commons-io\commons-io\1.3.2\commons-io-1.3.2.jar;C:\Users\andre\.m2\repository\commons-lang\commons-lang\2.6\commons-lang-2.6.jar;C:\Users\andre\.m2\repository\com\googlecode\json-simple\json-simple\1.1\json-simple-1.1.jar;"/>
    <property name="sun.cpu.endian" value="little"/>
    <property name="user.home" value="C:\Users\andre"/>
    <property name="user.language" value="en"/>
    <property name="java.specification.vendor" value="Oracle Corporation"/>
    <property name="java.home" value="C:\Program Files\Java\jdk1.8.0_191\jre"/>
    <property name="basedir" value="C:\Users\andre\Desktop\DatingApp\VladiDate"/>
    <property name="file.separator" value="\"/>
    <property name="line.separator" value="&#10;"/>
    <property name="java.vm.specification.vendor" value="Oracle Corporation"/>
    <property name="java.specification.name" value="Java Platform API Specification"/>
    <property name="java.awt.graphicsenv" value="sun.awt.Win32GraphicsEnvironment"/>
    <property name="surefire.real.class.path" value="C:\Users\andre\AppData\Local\Temp\surefire7541087760136259811\surefirebooter414076062645053113.jar"/>
    <property name="sun.boot.class.path" value="C:\Program Files\Java\jdk1.8.0_191\jre\lib\resources.jar;C:\Program Files\Java\jdk1.8.0_191\jre\lib\rt.jar;C:\Program Files\Java\jdk1.8.0_191\jre\lib\sunrsasign.jar;C:\Program Files\Java\jdk1.8.0_191\jre\lib\jsse.jar;C:\Program Files\Java\jdk1.8.0_191\jre\lib\jce.jar;C:\Program Files\Java\jdk1.8.0_191\jre\lib\charsets.jar;C:\Program Files\Java\jdk1.8.0_191\jre\lib\jfr.jar;C:\Program Files\Java\jdk1.8.0_191\jre\classes"/>
    <property name="user.script" value=""/>
    <property name="sun.management.compiler" value="HotSpot 64-Bit Tiered Compilers"/>
    <property name="java.runtime.version" value="1.8.0_191-b12"/>
    <property name="user.name" value="andre"/>
    <property name="path.separator" value=";"/>
    <property name="os.version" value="10.0"/>
    <property name="java.endorsed.dirs" value="C:\Program Files\Java\jdk1.8.0_191\jre\lib\endorsed"/>
    <property name="java.runtime.name" value="Java(TM) SE Runtime Environment"/>
    <property name="file.encoding" value="Cp1252"/>
    <property name="java.vm.name" value="Java HotSpot(TM) 64-Bit Server VM"/>
    <property name="localRepository" value="C:\Users\andre\.m2\repository"/>
    <property name="java.vendor.url.bug" value="http://bugreport.sun.com/bugreport/"/>
    <property name="java.io.tmpdir" value="C:\Users\andre\AppData\Local\Temp\"/>
    <property name="java.version" value="1.8.0_191"/>
    <property name="user.dir" value="C:\Users\andre\Desktop\DatingApp\VladiDate"/>
    <property name="os.arch" value="amd64"/>
    <property name="java.vm.specification.name" value="Java Virtual Machine Specification"/>
    <property name="java.awt.printerjob" value="sun.awt.windows.WPrinterJob"/>
    <property name="sun.os.patch.level" value=""/>
    <property name="java.library.path" value="C:\Program Files\Java\jdk1.8.0_191\jre\bin;C:\WINDOWS\Sun\Java\bin;C:\WINDOWS\system32;C:\WINDOWS;C:\Users\andre\bin;C:\Program Files\Git\mingw64\bin;C:\Program Files\Git\usr\local\bin;C:\Program Files\Git\usr\bin;C:\Program Files\Git\usr\bin;C:\Program Files\Git\mingw64\bin;C:\Program Files\Git\usr\bin;C:\Users\andre\bin;C:\Program Files (x86)\Common Files\Oracle\Java\javapath;C:\WINDOWS\system32;C:\WINDOWS;C:\WINDOWS\System32\Wbem;C:\WINDOWS\System32\WindowsPowerShell\v1.0;C:\WINDOWS\System32\OpenSSH;C:\Program Files\Java\jdk1.8.0_191;C:\Program Files\Maven 3.6.0\bin;C:\Program Files\Maven 3.6.0\bin;C:\Program Files\Git\cmd;C:\Users\andre\AppData\Local\Microsoft\WindowsApps;C:\Program Files\Git\usr\bin\vendor_perl;C:\Program Files\Git\usr\bin\core_perl;."/>
    <property name="java.vm.info" value="mixed mode"/>
    <property name="java.vendor" value="Oracle Corporation"/>
    <property name="java.vm.version" value="25.191-b12"/>
    <property name="java.ext.dirs" value="C:\Program Files\Java\jdk1.8.0_191\jre\lib\ext;C:\WINDOWS\Sun\Java\lib\ext"/>
    <property name="sun.io.unicode.encoding" value="UnicodeLittle"/>
    <property name="java.class.version" value="52.0"/>
  </properties>
  <testcase name="OKCBrowseMatches" classname="OKC.OKCBrowseMatchesTest" time="77.645">
    <error message="Expected condition failed: waiting for visibility of element located by By.xpath: //textarea[@class=&apos;messenger-composer&apos;] (tried for 15 second(s) with 500 milliseconds interval)" type="org.openqa.selenium.TimeoutException">org.openqa.selenium.TimeoutException: Expected condition failed: waiting for visibility of element located by By.xpath: //textarea[@class='messenger-composer'] (tried for 15 second(s) with 500 milliseconds interval)
	at OKC.OKCBrowseMatchesTest.OKCBrowseMatches(OKCBrowseMatchesTest.java:89)
Caused by: org.openqa.selenium.NoSuchElementException: 
no such element: Unable to locate element: {"method":"xpath","selector":"//textarea[@class='messenger-composer']"}
  (Session info: chrome=71.0.3578.98)
  (Driver info: chromedriver=2.44.609538 (b655c5a60b0b544917107a59d4153d4bf78e1b90),platform=Windows NT 10.0.17134 x86_64) (WARNING: The server did not provide any stacktrace information)
Command duration or timeout: 0 milliseconds
For documentation on this error, please visit: https://www.seleniumhq.org/exceptions/no_such_element.html
Build info: version: '3.141.59', revision: 'e82be7d358', time: '2018-11-14T08:17:03'
System info: host: 'DESKTOP-6JO9612', ip: '192.168.0.7', os.name: 'Windows 10', os.arch: 'amd64', os.version: '10.0', java.version: '1.8.0_191'
Driver info: org.openqa.selenium.chrome.ChromeDriver
Capabilities {acceptInsecureCerts: false, acceptSslCerts: false, applicationCacheEnabled: false, browserConnectionEnabled: false, browserName: chrome, chrome: {chromedriverVersion: 2.44.609538 (b655c5a60b0b54..., userDataDir: C:\Users\andre\AppData\Loca...}, cssSelectorsEnabled: true, databaseEnabled: false, goog:chromeOptions: {debuggerAddress: localhost:55452}, handlesAlerts: true, hasTouchScreen: false, javascriptEnabled: true, locationContextEnabled: true, mobileEmulationEnabled: false, nativeEvents: true, networkConnectionEnabled: false, pageLoadStrategy: normal, platform: XP, platformName: XP, rotatable: false, setWindowRect: true, takesHeapSnapshot: true, takesScreenshot: true, unexpectedAlertBehaviour: ignore, unhandledPromptBehavior: ignore, version: 71.0.3578.98, webStorageEnabled: true}
Session ID: 9996093c891b21892c0d2e3a6ccf3cac
*** Element info: {Using=xpath, value=//textarea[@class='messenger-composer']}
	at OKC.OKCBrowseMatchesTest.OKCBrowseMatches(OKCBrowseMatchesTest.java:89)
</error>
    <system-out><![CDATA[Found these users on OkCupid Matches...[Renee, 27, Kayla, 25, TA, 28, Jaz, 27, Janea, 25, Anna, 26, Simone, 28, Blk, 30, Julia, 26, Öyínn, 26, Monica, 34, Bridgette, 35, London, 25, Ash, 30, Ogo, 35, Shelby, 25, Randi, 31, Jasmine, 29, Caitlin, 29, Ebonie, 30]
Clicked on: Renee
Successfully sent message to: Renee, 27
Added user to the list of messaged users...
The updated user list is: 
[test, 'Ashley, 25', 'Emily, 19', 'Destiny, 20', 'Jessica, 24', 'Olivia, 23', 'Amber, 26', 'Michelle, 24', 'Kelcey, 26', 'Cashara, 18', 'Kristy, 21', 'CJ, 18', 'DeShawna, 22', 'Espeon, 20', 'Renee, 27']

Clicked on: Kayla
Successfully sent message to: Kayla, 25
Added user to the list of messaged users...
The updated user list is: 
[test, 'Ashley, 25', 'Emily, 19', 'Destiny, 20', 'Jessica, 24', 'Olivia, 23', 'Amber, 26', 'Michelle, 24', 'Kelcey, 26', 'Cashara, 18', 'Kristy, 21', 'CJ, 18', 'DeShawna, 22', 'Espeon, 20', 'Renee, 27', 'Kayla, 25']

Clicked on: TA
Successfully sent message to: TA, 28
Added user to the list of messaged users...
The updated user list is: 
[test, 'Ashley, 25', 'Emily, 19', 'Destiny, 20', 'Jessica, 24', 'Olivia, 23', 'Amber, 26', 'Michelle, 24', 'Kelcey, 26', 'Cashara, 18', 'Kristy, 21', 'CJ, 18', 'DeShawna, 22', 'Espeon, 20', 'Renee, 27', 'Kayla, 25', 'TA, 28']

Clicked on: Jaz
Successfully sent message to: Jaz, 27
Added user to the list of messaged users...
The updated user list is: 
[test, 'Ashley, 25', 'Emily, 19', 'Destiny, 20', 'Jessica, 24', 'Olivia, 23', 'Amber, 26', 'Michelle, 24', 'Kelcey, 26', 'Cashara, 18', 'Kristy, 21', 'CJ, 18', 'DeShawna, 22', 'Espeon, 20', 'Renee, 27', 'Kayla, 25', 'TA, 28', 'Jaz, 27']

Clicked on: Janea
Successfully sent message to: Janea, 25
Added user to the list of messaged users...
The updated user list is: 
[test, 'Ashley, 25', 'Emily, 19', 'Destiny, 20', 'Jessica, 24', 'Olivia, 23', 'Amber, 26', 'Michelle, 24', 'Kelcey, 26', 'Cashara, 18', 'Kristy, 21', 'CJ, 18', 'DeShawna, 22', 'Espeon, 20', 'Renee, 27', 'Kayla, 25', 'TA, 28', 'Jaz, 27', 'Janea, 25']

Clicked on: Anna
Successfully sent message to: Anna, 26
Added user to the list of messaged users...
The updated user list is: 
[test, 'Ashley, 25', 'Emily, 19', 'Destiny, 20', 'Jessica, 24', 'Olivia, 23', 'Amber, 26', 'Michelle, 24', 'Kelcey, 26', 'Cashara, 18', 'Kristy, 21', 'CJ, 18', 'DeShawna, 22', 'Espeon, 20', 'Renee, 27', 'Kayla, 25', 'TA, 28', 'Jaz, 27', 'Janea, 25', 'Anna, 26']

Clicked on: Simone
Successfully sent message to: Simone, 28
Added user to the list of messaged users...
The updated user list is: 
[test, 'Ashley, 25', 'Emily, 19', 'Destiny, 20', 'Jessica, 24', 'Olivia, 23', 'Amber, 26', 'Michelle, 24', 'Kelcey, 26', 'Cashara, 18', 'Kristy, 21', 'CJ, 18', 'DeShawna, 22', 'Espeon, 20', 'Renee, 27', 'Kayla, 25', 'TA, 28', 'Jaz, 27', 'Janea, 25', 'Anna, 26', 'Simone, 28']

Clicked on: Blk
Successfully sent message to: Blk, 30
Added user to the list of messaged users...
The updated user list is: 
[test, 'Ashley, 25', 'Emily, 19', 'Destiny, 20', 'Jessica, 24', 'Olivia, 23', 'Amber, 26', 'Michelle, 24', 'Kelcey, 26', 'Cashara, 18', 'Kristy, 21', 'CJ, 18', 'DeShawna, 22', 'Espeon, 20', 'Renee, 27', 'Kayla, 25', 'TA, 28', 'Jaz, 27', 'Janea, 25', 'Anna, 26', 'Simone, 28', 'Blk, 30']

Clicked on: Julia
Successfully sent message to: Julia, 26
Added user to the list of messaged users...
The updated user list is: 
[test, 'Ashley, 25', 'Emily, 19', 'Destiny, 20', 'Jessica, 24', 'Olivia, 23', 'Amber, 26', 'Michelle, 24', 'Kelcey, 26', 'Cashara, 18', 'Kristy, 21', 'CJ, 18', 'DeShawna, 22', 'Espeon, 20', 'Renee, 27', 'Kayla, 25', 'TA, 28', 'Jaz, 27', 'Janea, 25', 'Anna, 26', 'Simone, 28', 'Blk, 30', 'Julia, 26']

Clicked on: Öyínn
]]></system-out>
    <system-err><![CDATA[log4j:WARN No appenders could be found for logger (com.base.BaseTest).
log4j:WARN Please initialize the log4j system properly.
log4j:WARN See http://logging.apache.org/log4j/1.2/faq.html#noconfig for more info.
Starting ChromeDriver 2.44.609538 (b655c5a60b0b544917107a59d4153d4bf78e1b90) on port 2197
Only local connections are allowed.
Jan 19, 2019 2:34:55 PM org.openqa.selenium.remote.ProtocolHandshake createSession
INFO: Detected dialect: OSS
]]></system-err>
  </testcase>
</testsuite>